<?xml version="1.0" encoding="UTF-8"?>
<!-- Generated by org.testng.reporters.JUnitXMLReporter -->
<testsuite ignored="0" hostname="Oviya" failures="1" tests="7" name="Test" time="5.454" errors="0" timestamp="2023-09-17T14:47:53 IST">
  <testcase classname="mytests.MyTest" name="test1" time="5.377"/>
  <testcase classname="mytests.MyTest" name="test2" time="0.009">
    <skipped/>
  </testcase> <!-- test2 -->
  <testcase classname="mytests.MyTest" name="test2" time="0.001">
    <skipped/>
  </testcase> <!-- test2 -->
  <testcase classname="mytests.MyTest" name="test2" time="0.001">
    <skipped/>
  </testcase> <!-- test2 -->
  <testcase classname="mytests.MyTest" name="test2" time="0.002">
    <skipped/>
  </testcase> <!-- test2 -->
  <testcase classname="mytests.MyTest" name="test2" time="0.001">
    <failure type="java.lang.AssertionError" message="expected [true] but found [false]">
      <![CDATA[java.lang.AssertionError: expected [true] but found [false]
at mytests.MyTest.test2(MyTest.java:19)
at java.base/java.util.ArrayList.forEach(ArrayList.java:1511)
... Removed 34 stack frames]]>
    </failure>
  </testcase> <!-- test2 -->
  <testcase classname="mytests.MyTest" name="test3" time="0.002"/>
</testsuite> <!-- Test -->
